  net_serial.cpp
c:\users\lenovo\desktop\lidar资料\delta-2a\delta-2a_windows_demo\sdk\sdk\include\rslidar_protocol.h(163): warning C4200: 使用了非标准扩展: 结构/联合中的零大小数组
  c:\users\lenovo\desktop\lidar资料\delta-2a\delta-2a_windows_demo\sdk\sdk\include\rslidar_protocol.h(163): note: 默认构造函数或 copy/move 赋值运算符将忽略此成员
  timer.cpp
c:\users\lenovo\desktop\lidar资料\delta-2a\delta-2a_windows_demo\sdk\sdk\include\rslidar_protocol.h(163): warning C4200: 使用了非标准扩展: 结构/联合中的零大小数组
  c:\users\lenovo\desktop\lidar资料\delta-2a\delta-2a_windows_demo\sdk\sdk\include\rslidar_protocol.h(163): note: 默认构造函数或 copy/move 赋值运算符将忽略此成员
  thread.cpp
c:\users\lenovo\desktop\lidar资料\delta-2a\delta-2a_windows_demo\sdk\sdk\include\rslidar_protocol.h(163): warning C4200: 使用了非标准扩展: 结构/联合中的零大小数组
  c:\users\lenovo\desktop\lidar资料\delta-2a\delta-2a_windows_demo\sdk\sdk\include\rslidar_protocol.h(163): note: 默认构造函数或 copy/move 赋值运算符将忽略此成员
  rslidar_driver.cpp
c:\users\lenovo\desktop\lidar资料\delta-2a\delta-2a_windows_demo\sdk\sdk\include\rslidar_protocol.h(163): warning C4200: 使用了非标准扩展: 结构/联合中的零大小数组
  c:\users\lenovo\desktop\lidar资料\delta-2a\delta-2a_windows_demo\sdk\sdk\include\rslidar_protocol.h(163): note: 默认构造函数或 copy/move 赋值运算符将忽略此成员
c:\users\lenovo\desktop\lidar资料\delta-2a\delta-2a_windows_demo\sdk\sdk\src\rslidar_driver.cpp(446): warning C4101: “ans”: 未引用的局部变量
c:\users\lenovo\desktop\lidar资料\delta-2a\delta-2a_windows_demo\sdk\sdk\src\rslidar_driver.cpp(613): warning C4305: “*=”: 从“double”到“float”截断
c:\users\lenovo\desktop\lidar资料\delta-2a\delta-2a_windows_demo\sdk\sdk\src\rslidar_driver.cpp(615): warning C4244: “=”: 从“int”转换到“float”，可能丢失数据
c:\users\lenovo\desktop\lidar资料\delta-2a\delta-2a_windows_demo\sdk\sdk\src\rslidar_driver.cpp(846): warning C4244: “初始化”: 从“double”转换到“float”，可能丢失数据
c:\users\lenovo\desktop\lidar资料\delta-2a\delta-2a_windows_demo\sdk\sdk\src\rslidar_driver.cpp(850): warning C4018: “<”: 有符号/无符号不匹配
c:\users\lenovo\desktop\lidar资料\delta-2a\delta-2a_windows_demo\sdk\sdk\src\rslidar_driver.cpp(884): warning C4018: “<”: 有符号/无符号不匹配
c:\users\lenovo\desktop\lidar资料\delta-2a\delta-2a_windows_demo\sdk\sdk\src\rslidar_driver.cpp(893): warning C4018: “<”: 有符号/无符号不匹配
c:\users\lenovo\desktop\lidar资料\delta-2a\delta-2a_windows_demo\sdk\sdk\src\rslidar_driver.cpp(894): warning C4018: “<”: 有符号/无符号不匹配
c:\users\lenovo\desktop\lidar资料\delta-2a\delta-2a_windows_demo\sdk\sdk\src\rslidar_driver.cpp(916): warning C4267: “=”: 从“size_t”转换到“uint16_t”，可能丢失数据
c:\users\lenovo\desktop\lidar资料\delta-2a\delta-2a_windows_demo\sdk\sdk\src\rslidar_driver.cpp(929): warning C4267: “=”: 从“size_t”转换到“uint16_t”，可能丢失数据
c:\users\lenovo\desktop\lidar资料\delta-2a\delta-2a_windows_demo\sdk\sdk\src\rslidar_driver.cpp(944): warning C4267: “参数”: 从“size_t”转换到“uint16_t”，可能丢失数据
c:\users\lenovo\desktop\lidar资料\delta-2a\delta-2a_windows_demo\sdk\sdk\src\rslidar_driver.cpp(946): warning C4267: “参数”: 从“size_t”转换到“uint16_t”，可能丢失数据
c:\users\lenovo\desktop\lidar资料\delta-2a\delta-2a_windows_demo\sdk\sdk\src\rslidar_driver.cpp(953): warning C4018: “<”: 有符号/无符号不匹配
c:\users\lenovo\desktop\lidar资料\delta-2a\delta-2a_windows_demo\sdk\sdk\src\rslidar_driver.cpp(993): warning C4018: “<”: 有符号/无符号不匹配
c:\users\lenovo\desktop\lidar资料\delta-2a\delta-2a_windows_demo\sdk\sdk\src\rslidar_driver.cpp(1001): warning C4267: “参数”: 从“size_t”转换到“uint16_t”，可能丢失数据
c:\users\lenovo\desktop\lidar资料\delta-2a\delta-2a_windows_demo\sdk\sdk\src\rslidar_driver.cpp(1003): warning C4267: “参数”: 从“size_t”转换到“uint16_t”，可能丢失数据
  正在生成代码...
  rslidar_driver.vcxproj -> C:\Users\Lenovo\Desktop\Lidar资料\Delta-2A\Delta-2A_Windows_Demo\sdk\workspaces\vc10\\..\..\output\win32\Debug\rslidar_driver.lib
